[background-preinit] INFO  o.h.validator.internal.util.Version - HV000001: Hibernate Validator 6.2.4.Final
[restartedMain] INFO  c.p.s.SpringBootWebJdbcDataLombokApplication - Starting SpringBootWebJdbcDataLombokApplication using Java 14.0.2 on DESKTOP-8GQOME2 with PID 15312 (C:\Users\Ben62\eclipse-workspace\spring-boot-web-jdbc-data-lombok.zip_expanded\spring-boot-web-jdbc-data-lombok\target\classes started by Ben62 in C:\Users\Ben62\eclipse-workspace\spring-boot-web-jdbc-data-lombok.zip_expanded\spring-boot-web-jdbc-data-lombok)
[restartedMain] INFO  c.p.s.SpringBootWebJdbcDataLombokApplication - No active profile set, falling back to 1 default profile: "default"
[restartedMain] INFO  o.s.b.d.e.DevToolsPropertyDefaultsPostProcessor - Devtools property defaults active! Set 'spring.devtools.add-properties' to 'false' to disable
[restartedMain] INFO  o.s.b.d.e.DevToolsPropertyDefaultsPostProcessor - For additional web related logging consider setting the 'logging.level.web' property to 'DEBUG'
[restartedMain] INFO  o.s.d.r.c.RepositoryConfigurationDelegate - Bootstrapping Spring Data JPA repositories in DEFAULT mode.
[restartedMain] INFO  o.s.d.r.c.RepositoryConfigurationDelegate - Finished Spring Data repository scanning in 52 ms. Found 6 JPA repository interfaces.
[restartedMain] INFO  o.s.b.w.e.tomcat.TomcatWebServer - Tomcat initialized with port(s): 8080 (http)
[restartedMain] INFO  o.a.coyote.http11.Http11NioProtocol - Initializing ProtocolHandler ["http-nio-8080"]
[restartedMain] INFO  o.a.catalina.core.StandardService - Starting service [Tomcat]
[restartedMain] INFO  o.a.catalina.core.StandardEngine - Starting Servlet engine: [Apache Tomcat/9.0.65]
[restartedMain] INFO  o.a.c.c.C.[Tomcat].[localhost].[/] - Initializing Spring embedded WebApplicationContext
[restartedMain] INFO  o.s.b.w.s.c.ServletWebServerApplicationContext - Root WebApplicationContext: initialization completed in 1477 ms
[restartedMain] INFO  o.h.jpa.internal.util.LogHelper - HHH000204: Processing PersistenceUnitInfo [name: default]
[restartedMain] INFO  org.hibernate.Version - HHH000412: Hibernate ORM core version 5.6.10.Final
[restartedMain] INFO  o.h.annotations.common.Version - HCANN000001: Hibernate Commons Annotations {5.1.2.Final}
[restartedMain] INFO  com.zaxxer.hikari.HikariDataSource - HikariPool-1 - Starting...
[restartedMain] INFO  com.zaxxer.hikari.HikariDataSource - HikariPool-1 - Start completed.
[restartedMain] INFO  org.hibernate.dialect.Dialect - HHH000400: Using dialect: org.hibernate.dialect.PostgreSQLDialect
[restartedMain] INFO  o.s.o.j.LocalContainerEntityManagerFactoryBean - Initialized JPA EntityManagerFactory for persistence unit 'default'
[restartedMain] WARN  o.s.b.a.o.j.JpaBaseConfiguration$JpaWebConfiguration - spring.jpa.open-in-view is enabled by default. Therefore, database queries may be performed during view rendering. Explicitly configure spring.jpa.open-in-view to disable this warning
[restartedMain] INFO  o.s.b.d.a.OptionalLiveReloadServer - LiveReload server is running on port 35729
[restartedMain] INFO  o.a.coyote.http11.Http11NioProtocol - Starting ProtocolHandler ["http-nio-8080"]
[restartedMain] INFO  o.s.b.w.e.tomcat.TomcatWebServer - Tomcat started on port(s): 8080 (http) with context path ''
[restartedMain] INFO  c.p.s.SpringBootWebJdbcDataLombokApplication - Started SpringBootWebJdbcDataLombokApplication in 3.846 seconds (JVM running for 4.208)
[background-preinit] INFO  o.h.validator.internal.util.Version - HV000001: Hibernate Validator 6.2.4.Final
[restartedMain] INFO  c.p.s.SpringBootWebJdbcDataLombokApplication - Starting SpringBootWebJdbcDataLombokApplication using Java 14.0.2 on DESKTOP-8GQOME2 with PID 9164 (C:\Users\Ben62\eclipse-workspace\spring-boot-web-jdbc-data-lombok.zip_expanded\spring-boot-web-jdbc-data-lombok\target\classes started by Ben62 in C:\Users\Ben62\eclipse-workspace\spring-boot-web-jdbc-data-lombok.zip_expanded\spring-boot-web-jdbc-data-lombok)
[restartedMain] INFO  c.p.s.SpringBootWebJdbcDataLombokApplication - No active profile set, falling back to 1 default profile: "default"
[restartedMain] INFO  o.s.b.d.e.DevToolsPropertyDefaultsPostProcessor - Devtools property defaults active! Set 'spring.devtools.add-properties' to 'false' to disable
[restartedMain] INFO  o.s.b.d.e.DevToolsPropertyDefaultsPostProcessor - For additional web related logging consider setting the 'logging.level.web' property to 'DEBUG'
[restartedMain] INFO  o.s.d.r.c.RepositoryConfigurationDelegate - Bootstrapping Spring Data JPA repositories in DEFAULT mode.
[restartedMain] INFO  o.s.d.r.c.RepositoryConfigurationDelegate - Finished Spring Data repository scanning in 49 ms. Found 6 JPA repository interfaces.
[restartedMain] INFO  o.s.b.w.e.tomcat.TomcatWebServer - Tomcat initialized with port(s): 8080 (http)
[restartedMain] INFO  o.a.coyote.http11.Http11NioProtocol - Initializing ProtocolHandler ["http-nio-8080"]
[restartedMain] INFO  o.a.catalina.core.StandardService - Starting service [Tomcat]
[restartedMain] INFO  o.a.catalina.core.StandardEngine - Starting Servlet engine: [Apache Tomcat/9.0.65]
[restartedMain] INFO  o.a.c.c.C.[Tomcat].[localhost].[/] - Initializing Spring embedded WebApplicationContext
[restartedMain] INFO  o.s.b.w.s.c.ServletWebServerApplicationContext - Root WebApplicationContext: initialization completed in 1292 ms
[restartedMain] INFO  o.h.jpa.internal.util.LogHelper - HHH000204: Processing PersistenceUnitInfo [name: default]
[restartedMain] INFO  org.hibernate.Version - HHH000412: Hibernate ORM core version 5.6.10.Final
[restartedMain] INFO  o.h.annotations.common.Version - HCANN000001: Hibernate Commons Annotations {5.1.2.Final}
[restartedMain] INFO  com.zaxxer.hikari.HikariDataSource - HikariPool-1 - Starting...
[restartedMain] INFO  com.zaxxer.hikari.HikariDataSource - HikariPool-1 - Start completed.
[restartedMain] INFO  org.hibernate.dialect.Dialect - HHH000400: Using dialect: org.hibernate.dialect.PostgreSQLDialect
[restartedMain] INFO  o.s.o.j.LocalContainerEntityManagerFactoryBean - Initialized JPA EntityManagerFactory for persistence unit 'default'
[restartedMain] WARN  o.s.b.a.o.j.JpaBaseConfiguration$JpaWebConfiguration - spring.jpa.open-in-view is enabled by default. Therefore, database queries may be performed during view rendering. Explicitly configure spring.jpa.open-in-view to disable this warning
[restartedMain] INFO  o.s.b.d.a.OptionalLiveReloadServer - LiveReload server is running on port 35729
[restartedMain] INFO  o.a.coyote.http11.Http11NioProtocol - Starting ProtocolHandler ["http-nio-8080"]
[restartedMain] INFO  o.s.b.w.e.tomcat.TomcatWebServer - Tomcat started on port(s): 8080 (http) with context path ''
[restartedMain] INFO  c.p.s.SpringBootWebJdbcDataLombokApplication - Started SpringBootWebJdbcDataLombokApplication in 3.571 seconds (JVM running for 3.94)
[http-nio-8080-exec-2] INFO  o.a.c.c.C.[Tomcat].[localhost].[/] - Initializing Spring DispatcherServlet 'dispatcherServlet'
[http-nio-8080-exec-2] INFO  o.s.web.servlet.DispatcherServlet - Initializing Servlet 'dispatcherServlet'
[http-nio-8080-exec-2] INFO  o.s.web.servlet.DispatcherServlet - Completed initialization in 1 ms
[http-nio-8080-exec-2] INFO  c.p.s.aop.LoggingAspect - Entered getAllProduct of ProductController
[http-nio-8080-exec-2] INFO  c.p.s.aop.LoggingAspect - Entered getAllProducts of ProductServiceImp
[http-nio-8080-exec-2] INFO  c.p.s.aop.LoggingAspect - Execution time of ProductServiceImp.getAllProducts :: 154 ms
[http-nio-8080-exec-2] INFO  c.p.s.aop.LoggingAspect - Exited getAllProducts of ProductServiceImp
[http-nio-8080-exec-2] INFO  c.p.s.aop.LoggingAspect - Execution time of ProductController.getAllProduct :: 165 ms
[http-nio-8080-exec-2] INFO  c.p.s.aop.LoggingAspect - Exited getAllProduct of ProductController
[http-nio-8080-exec-3] INFO  c.p.s.aop.LoggingAspect - Entered getAllProduct of ProductController
[http-nio-8080-exec-3] INFO  c.p.s.aop.LoggingAspect - Entered getAllProducts of ProductServiceImp
[http-nio-8080-exec-3] INFO  c.p.s.aop.LoggingAspect - Execution time of ProductServiceImp.getAllProducts :: 3 ms
[http-nio-8080-exec-3] INFO  c.p.s.aop.LoggingAspect - Exited getAllProducts of ProductServiceImp
[http-nio-8080-exec-3] INFO  c.p.s.aop.LoggingAspect - Execution time of ProductController.getAllProduct :: 4 ms
[http-nio-8080-exec-3] INFO  c.p.s.aop.LoggingAspect - Exited getAllProduct of ProductController
[http-nio-8080-exec-4] INFO  c.p.s.aop.LoggingAspect - Entered getAllProduct of ProductController
[http-nio-8080-exec-4] INFO  c.p.s.aop.LoggingAspect - Entered getAllProducts of ProductServiceImp
[http-nio-8080-exec-4] INFO  c.p.s.aop.LoggingAspect - Execution time of ProductServiceImp.getAllProducts :: 2 ms
[http-nio-8080-exec-4] INFO  c.p.s.aop.LoggingAspect - Exited getAllProducts of ProductServiceImp
[http-nio-8080-exec-4] INFO  c.p.s.aop.LoggingAspect - Execution time of ProductController.getAllProduct :: 3 ms
[http-nio-8080-exec-4] INFO  c.p.s.aop.LoggingAspect - Exited getAllProduct of ProductController
[http-nio-8080-exec-5] INFO  c.p.s.aop.LoggingAspect - Entered getAllProduct of ProductController
[http-nio-8080-exec-5] INFO  c.p.s.aop.LoggingAspect - Entered getAllProducts of ProductServiceImp
[http-nio-8080-exec-5] INFO  c.p.s.aop.LoggingAspect - Execution time of ProductServiceImp.getAllProducts :: 4 ms
[http-nio-8080-exec-5] INFO  c.p.s.aop.LoggingAspect - Exited getAllProducts of ProductServiceImp
[http-nio-8080-exec-5] INFO  c.p.s.aop.LoggingAspect - Execution time of ProductController.getAllProduct :: 5 ms
[http-nio-8080-exec-5] INFO  c.p.s.aop.LoggingAspect - Exited getAllProduct of ProductController
[http-nio-8080-exec-1] INFO  c.p.s.aop.LoggingAspect - Entered getAllProduct of ProductController
[http-nio-8080-exec-1] INFO  c.p.s.aop.LoggingAspect - Entered getAllProducts of ProductServiceImp
[http-nio-8080-exec-1] INFO  c.p.s.aop.LoggingAspect - Execution time of ProductServiceImp.getAllProducts :: 2 ms
[http-nio-8080-exec-1] INFO  c.p.s.aop.LoggingAspect - Exited getAllProducts of ProductServiceImp
[http-nio-8080-exec-1] INFO  c.p.s.aop.LoggingAspect - Execution time of ProductController.getAllProduct :: 2 ms
[http-nio-8080-exec-1] INFO  c.p.s.aop.LoggingAspect - Exited getAllProduct of ProductController
[http-nio-8080-exec-7] INFO  c.p.s.aop.LoggingAspect - Entered getAllProduct of ProductController
[http-nio-8080-exec-7] INFO  c.p.s.aop.LoggingAspect - Entered getAllProducts of ProductServiceImp
[http-nio-8080-exec-7] INFO  c.p.s.aop.LoggingAspect - Execution time of ProductServiceImp.getAllProducts :: 5 ms
[http-nio-8080-exec-7] INFO  c.p.s.aop.LoggingAspect - Exited getAllProducts of ProductServiceImp
[http-nio-8080-exec-7] INFO  c.p.s.aop.LoggingAspect - Execution time of ProductController.getAllProduct :: 6 ms
[http-nio-8080-exec-7] INFO  c.p.s.aop.LoggingAspect - Exited getAllProduct of ProductController
[http-nio-8080-exec-9] INFO  c.p.s.aop.LoggingAspect - Entered createProduct of ProductController
[http-nio-8080-exec-9] INFO  c.p.s.aop.LoggingAspect - Entered createProduct of ProductServiceImp
[http-nio-8080-exec-9] INFO  c.p.s.aop.LoggingAspect - Entered saveAndFlush of JpaRepository
[http-nio-8080-exec-9] INFO  c.p.s.aop.LoggingAspect - Execution time of JpaRepository.saveAndFlush :: 21 ms
[http-nio-8080-exec-9] INFO  c.p.s.aop.LoggingAspect - Exited saveAndFlush of JpaRepository
[http-nio-8080-exec-9] INFO  c.p.s.aop.LoggingAspect - Execution time of ProductServiceImp.createProduct :: 23 ms
[http-nio-8080-exec-9] INFO  c.p.s.aop.LoggingAspect - Exited createProduct of ProductServiceImp
[http-nio-8080-exec-9] INFO  c.p.s.aop.LoggingAspect - Execution time of ProductController.createProduct :: 23 ms
[http-nio-8080-exec-9] INFO  c.p.s.aop.LoggingAspect - Exited createProduct of ProductController
[http-nio-8080-exec-10] INFO  c.p.s.aop.LoggingAspect - Entered getAllProduct of ProductController
[http-nio-8080-exec-10] INFO  c.p.s.aop.LoggingAspect - Entered getAllProducts of ProductServiceImp
[http-nio-8080-exec-10] INFO  c.p.s.aop.LoggingAspect - Execution time of ProductServiceImp.getAllProducts :: 2 ms
[http-nio-8080-exec-10] INFO  c.p.s.aop.LoggingAspect - Exited getAllProducts of ProductServiceImp
[http-nio-8080-exec-10] INFO  c.p.s.aop.LoggingAspect - Execution time of ProductController.getAllProduct :: 2 ms
[http-nio-8080-exec-10] INFO  c.p.s.aop.LoggingAspect - Exited getAllProduct of ProductController
[http-nio-8080-exec-3] INFO  c.p.s.aop.LoggingAspect - Entered getAllProduct of ProductController
[http-nio-8080-exec-3] INFO  c.p.s.aop.LoggingAspect - Entered getAllProducts of ProductServiceImp
[http-nio-8080-exec-3] INFO  c.p.s.aop.LoggingAspect - Execution time of ProductServiceImp.getAllProducts :: 3 ms
[http-nio-8080-exec-3] INFO  c.p.s.aop.LoggingAspect - Exited getAllProducts of ProductServiceImp
[http-nio-8080-exec-3] INFO  c.p.s.aop.LoggingAspect - Execution time of ProductController.getAllProduct :: 3 ms
[http-nio-8080-exec-3] INFO  c.p.s.aop.LoggingAspect - Exited getAllProduct of ProductController
[http-nio-8080-exec-5] INFO  c.p.s.aop.LoggingAspect - Entered deletePojo of ProductController
[http-nio-8080-exec-5] INFO  c.p.s.aop.LoggingAspect - Entered deleteProduct of ProductServiceImp
[http-nio-8080-exec-5] INFO  c.p.s.aop.LoggingAspect - Entered deleteById of CrudRepository
[http-nio-8080-exec-5] INFO  c.p.s.aop.LoggingAspect - Execution time of CrudRepository.deleteById :: 18 ms
[http-nio-8080-exec-5] INFO  c.p.s.aop.LoggingAspect - Exited deleteById of CrudRepository
[http-nio-8080-exec-5] INFO  c.p.s.aop.LoggingAspect - Execution time of ProductServiceImp.deleteProduct :: 20 ms
[http-nio-8080-exec-5] INFO  c.p.s.aop.LoggingAspect - Exited deleteProduct of ProductServiceImp
[http-nio-8080-exec-5] INFO  c.p.s.aop.LoggingAspect - Execution time of ProductController.deletePojo :: 20 ms
[http-nio-8080-exec-5] INFO  c.p.s.aop.LoggingAspect - Exited deletePojo of ProductController
[http-nio-8080-exec-1] INFO  c.p.s.aop.LoggingAspect - Entered getAllProduct of ProductController
[http-nio-8080-exec-1] INFO  c.p.s.aop.LoggingAspect - Entered getAllProducts of ProductServiceImp
[http-nio-8080-exec-1] INFO  c.p.s.aop.LoggingAspect - Execution time of ProductServiceImp.getAllProducts :: 1 ms
[http-nio-8080-exec-1] INFO  c.p.s.aop.LoggingAspect - Exited getAllProducts of ProductServiceImp
[http-nio-8080-exec-1] INFO  c.p.s.aop.LoggingAspect - Execution time of ProductController.getAllProduct :: 1 ms
[http-nio-8080-exec-1] INFO  c.p.s.aop.LoggingAspect - Exited getAllProduct of ProductController
[http-nio-8080-exec-6] INFO  c.p.s.aop.LoggingAspect - Entered createProduct of ProductController
[http-nio-8080-exec-6] INFO  c.p.s.aop.LoggingAspect - Entered createProduct of ProductServiceImp
[http-nio-8080-exec-6] INFO  c.p.s.aop.LoggingAspect - Entered saveAndFlush of JpaRepository
[http-nio-8080-exec-6] INFO  c.p.s.aop.LoggingAspect - Execution time of JpaRepository.saveAndFlush :: 1 ms
[http-nio-8080-exec-6] INFO  c.p.s.aop.LoggingAspect - Exited saveAndFlush of JpaRepository
[http-nio-8080-exec-6] INFO  c.p.s.aop.LoggingAspect - Execution time of ProductServiceImp.createProduct :: 2 ms
[http-nio-8080-exec-6] INFO  c.p.s.aop.LoggingAspect - Exited createProduct of ProductServiceImp
[http-nio-8080-exec-6] INFO  c.p.s.aop.LoggingAspect - Execution time of ProductController.createProduct :: 2 ms
[http-nio-8080-exec-6] INFO  c.p.s.aop.LoggingAspect - Exited createProduct of ProductController
[http-nio-8080-exec-7] INFO  c.p.s.aop.LoggingAspect - Entered getAllProduct of ProductController
[http-nio-8080-exec-7] INFO  c.p.s.aop.LoggingAspect - Entered getAllProducts of ProductServiceImp
[http-nio-8080-exec-7] INFO  c.p.s.aop.LoggingAspect - Execution time of ProductServiceImp.getAllProducts :: 2 ms
[http-nio-8080-exec-7] INFO  c.p.s.aop.LoggingAspect - Exited getAllProducts of ProductServiceImp
[http-nio-8080-exec-7] INFO  c.p.s.aop.LoggingAspect - Execution time of ProductController.getAllProduct :: 3 ms
[http-nio-8080-exec-7] INFO  c.p.s.aop.LoggingAspect - Exited getAllProduct of ProductController
[http-nio-8080-exec-9] INFO  c.p.s.aop.LoggingAspect - Entered getAllProduct of ProductController
[http-nio-8080-exec-9] INFO  c.p.s.aop.LoggingAspect - Entered getAllProducts of ProductServiceImp
[http-nio-8080-exec-9] INFO  c.p.s.aop.LoggingAspect - Execution time of ProductServiceImp.getAllProducts :: 5 ms
[http-nio-8080-exec-9] INFO  c.p.s.aop.LoggingAspect - Exited getAllProducts of ProductServiceImp
[http-nio-8080-exec-9] INFO  c.p.s.aop.LoggingAspect - Execution time of ProductController.getAllProduct :: 5 ms
[http-nio-8080-exec-9] INFO  c.p.s.aop.LoggingAspect - Exited getAllProduct of ProductController
[http-nio-8080-exec-10] INFO  c.p.s.aop.LoggingAspect - Entered getAllProduct of ProductController
[http-nio-8080-exec-10] INFO  c.p.s.aop.LoggingAspect - Entered getAllProducts of ProductServiceImp
[http-nio-8080-exec-10] INFO  c.p.s.aop.LoggingAspect - Execution time of ProductServiceImp.getAllProducts :: 2 ms
[http-nio-8080-exec-10] INFO  c.p.s.aop.LoggingAspect - Exited getAllProducts of ProductServiceImp
[http-nio-8080-exec-10] INFO  c.p.s.aop.LoggingAspect - Execution time of ProductController.getAllProduct :: 3 ms
[http-nio-8080-exec-10] INFO  c.p.s.aop.LoggingAspect - Exited getAllProduct of ProductController
[http-nio-8080-exec-2] INFO  c.p.s.aop.LoggingAspect - Entered getAllProduct of ProductController
[http-nio-8080-exec-2] INFO  c.p.s.aop.LoggingAspect - Entered getAllProducts of ProductServiceImp
[http-nio-8080-exec-2] INFO  c.p.s.aop.LoggingAspect - Execution time of ProductServiceImp.getAllProducts :: 4 ms
[http-nio-8080-exec-2] INFO  c.p.s.aop.LoggingAspect - Exited getAllProducts of ProductServiceImp
[http-nio-8080-exec-2] INFO  c.p.s.aop.LoggingAspect - Execution time of ProductController.getAllProduct :: 4 ms
[http-nio-8080-exec-2] INFO  c.p.s.aop.LoggingAspect - Exited getAllProduct of ProductController
[http-nio-8080-exec-4] INFO  c.p.s.aop.LoggingAspect - Entered getAllProduct of ProductController
[http-nio-8080-exec-4] INFO  c.p.s.aop.LoggingAspect - Entered getAllProducts of ProductServiceImp
[http-nio-8080-exec-4] INFO  c.p.s.aop.LoggingAspect - Execution time of ProductServiceImp.getAllProducts :: 2 ms
[http-nio-8080-exec-4] INFO  c.p.s.aop.LoggingAspect - Exited getAllProducts of ProductServiceImp
[http-nio-8080-exec-4] INFO  c.p.s.aop.LoggingAspect - Execution time of ProductController.getAllProduct :: 2 ms
[http-nio-8080-exec-4] INFO  c.p.s.aop.LoggingAspect - Exited getAllProduct of ProductController
[http-nio-8080-exec-1] INFO  c.p.s.aop.LoggingAspect - Entered getAllProduct of ProductController
[http-nio-8080-exec-1] INFO  c.p.s.aop.LoggingAspect - Entered getAllProducts of ProductServiceImp
[http-nio-8080-exec-1] INFO  c.p.s.aop.LoggingAspect - Execution time of ProductServiceImp.getAllProducts :: 3 ms
[http-nio-8080-exec-1] INFO  c.p.s.aop.LoggingAspect - Exited getAllProducts of ProductServiceImp
[http-nio-8080-exec-1] INFO  c.p.s.aop.LoggingAspect - Execution time of ProductController.getAllProduct :: 4 ms
[http-nio-8080-exec-1] INFO  c.p.s.aop.LoggingAspect - Exited getAllProduct of ProductController
[http-nio-8080-exec-6] INFO  c.p.s.aop.LoggingAspect - Entered getAllProduct of ProductController
[http-nio-8080-exec-6] INFO  c.p.s.aop.LoggingAspect - Entered getAllProducts of ProductServiceImp
[http-nio-8080-exec-6] INFO  c.p.s.aop.LoggingAspect - Execution time of ProductServiceImp.getAllProducts :: 2 ms
[http-nio-8080-exec-6] INFO  c.p.s.aop.LoggingAspect - Exited getAllProducts of ProductServiceImp
[http-nio-8080-exec-6] INFO  c.p.s.aop.LoggingAspect - Execution time of ProductController.getAllProduct :: 2 ms
[http-nio-8080-exec-6] INFO  c.p.s.aop.LoggingAspect - Exited getAllProduct of ProductController
[http-nio-8080-exec-7] INFO  c.p.s.aop.LoggingAspect - Entered getAllProduct of ProductController
[http-nio-8080-exec-7] INFO  c.p.s.aop.LoggingAspect - Entered getAllProducts of ProductServiceImp
[http-nio-8080-exec-7] INFO  c.p.s.aop.LoggingAspect - Execution time of ProductServiceImp.getAllProducts :: 2 ms
[http-nio-8080-exec-7] INFO  c.p.s.aop.LoggingAspect - Exited getAllProducts of ProductServiceImp
[http-nio-8080-exec-7] INFO  c.p.s.aop.LoggingAspect - Execution time of ProductController.getAllProduct :: 2 ms
[http-nio-8080-exec-7] INFO  c.p.s.aop.LoggingAspect - Exited getAllProduct of ProductController
[http-nio-8080-exec-9] INFO  c.p.s.aop.LoggingAspect - Entered getAllProduct of ProductController
[http-nio-8080-exec-9] INFO  c.p.s.aop.LoggingAspect - Entered getAllProducts of ProductServiceImp
[http-nio-8080-exec-9] INFO  c.p.s.aop.LoggingAspect - Execution time of ProductServiceImp.getAllProducts :: 2 ms
[http-nio-8080-exec-9] INFO  c.p.s.aop.LoggingAspect - Exited getAllProducts of ProductServiceImp
[http-nio-8080-exec-9] INFO  c.p.s.aop.LoggingAspect - Execution time of ProductController.getAllProduct :: 3 ms
[http-nio-8080-exec-9] INFO  c.p.s.aop.LoggingAspect - Exited getAllProduct of ProductController
[http-nio-8080-exec-10] INFO  c.p.s.aop.LoggingAspect - Entered getAllProduct of ProductController
[http-nio-8080-exec-10] INFO  c.p.s.aop.LoggingAspect - Entered getAllProducts of ProductServiceImp
[http-nio-8080-exec-10] INFO  c.p.s.aop.LoggingAspect - Execution time of ProductServiceImp.getAllProducts :: 2 ms
[http-nio-8080-exec-10] INFO  c.p.s.aop.LoggingAspect - Exited getAllProducts of ProductServiceImp
[http-nio-8080-exec-10] INFO  c.p.s.aop.LoggingAspect - Execution time of ProductController.getAllProduct :: 2 ms
[http-nio-8080-exec-10] INFO  c.p.s.aop.LoggingAspect - Exited getAllProduct of ProductController
[http-nio-8080-exec-2] INFO  c.p.s.aop.LoggingAspect - Entered getAllProduct of ProductController
[http-nio-8080-exec-2] INFO  c.p.s.aop.LoggingAspect - Entered getAllProducts of ProductServiceImp
[http-nio-8080-exec-2] INFO  c.p.s.aop.LoggingAspect - Execution time of ProductServiceImp.getAllProducts :: 1 ms
[http-nio-8080-exec-2] INFO  c.p.s.aop.LoggingAspect - Exited getAllProducts of ProductServiceImp
[http-nio-8080-exec-2] INFO  c.p.s.aop.LoggingAspect - Execution time of ProductController.getAllProduct :: 2 ms
[http-nio-8080-exec-2] INFO  c.p.s.aop.LoggingAspect - Exited getAllProduct of ProductController
[http-nio-8080-exec-4] INFO  c.p.s.aop.LoggingAspect - Entered getAllProduct of ProductController
[http-nio-8080-exec-4] INFO  c.p.s.aop.LoggingAspect - Entered getAllProducts of ProductServiceImp
[http-nio-8080-exec-4] INFO  c.p.s.aop.LoggingAspect - Execution time of ProductServiceImp.getAllProducts :: 3 ms
[http-nio-8080-exec-4] INFO  c.p.s.aop.LoggingAspect - Exited getAllProducts of ProductServiceImp
[http-nio-8080-exec-4] INFO  c.p.s.aop.LoggingAspect - Execution time of ProductController.getAllProduct :: 3 ms
[http-nio-8080-exec-4] INFO  c.p.s.aop.LoggingAspect - Exited getAllProduct of ProductController
[http-nio-8080-exec-1] INFO  c.p.s.aop.LoggingAspect - Entered getAllProduct of ProductController
[http-nio-8080-exec-1] INFO  c.p.s.aop.LoggingAspect - Entered getAllProducts of ProductServiceImp
[http-nio-8080-exec-1] INFO  c.p.s.aop.LoggingAspect - Execution time of ProductServiceImp.getAllProducts :: 2 ms
[http-nio-8080-exec-1] INFO  c.p.s.aop.LoggingAspect - Exited getAllProducts of ProductServiceImp
[http-nio-8080-exec-1] INFO  c.p.s.aop.LoggingAspect - Execution time of ProductController.getAllProduct :: 2 ms
[http-nio-8080-exec-1] INFO  c.p.s.aop.LoggingAspect - Exited getAllProduct of ProductController
[http-nio-8080-exec-7] INFO  c.p.s.aop.LoggingAspect - Entered getAllProduct of ProductController
[http-nio-8080-exec-7] INFO  c.p.s.aop.LoggingAspect - Entered getAllProducts of ProductServiceImp
[http-nio-8080-exec-7] INFO  c.p.s.aop.LoggingAspect - Execution time of ProductServiceImp.getAllProducts :: 3 ms
[http-nio-8080-exec-7] INFO  c.p.s.aop.LoggingAspect - Exited getAllProducts of ProductServiceImp
[http-nio-8080-exec-7] INFO  c.p.s.aop.LoggingAspect - Execution time of ProductController.getAllProduct :: 3 ms
[http-nio-8080-exec-7] INFO  c.p.s.aop.LoggingAspect - Exited getAllProduct of ProductController
[http-nio-8080-exec-9] INFO  c.p.s.aop.LoggingAspect - Entered getAllProduct of ProductController
[http-nio-8080-exec-9] INFO  c.p.s.aop.LoggingAspect - Entered getAllProducts of ProductServiceImp
[http-nio-8080-exec-9] INFO  c.p.s.aop.LoggingAspect - Execution time of ProductServiceImp.getAllProducts :: 1 ms
[http-nio-8080-exec-9] INFO  c.p.s.aop.LoggingAspect - Exited getAllProducts of ProductServiceImp
[http-nio-8080-exec-9] INFO  c.p.s.aop.LoggingAspect - Execution time of ProductController.getAllProduct :: 1 ms
[http-nio-8080-exec-9] INFO  c.p.s.aop.LoggingAspect - Exited getAllProduct of ProductController
[http-nio-8080-exec-10] INFO  c.p.s.aop.LoggingAspect - Entered getAllProduct of ProductController
[http-nio-8080-exec-10] INFO  c.p.s.aop.LoggingAspect - Entered getAllProducts of ProductServiceImp
[http-nio-8080-exec-10] INFO  c.p.s.aop.LoggingAspect - Execution time of ProductServiceImp.getAllProducts :: 1 ms
[http-nio-8080-exec-10] INFO  c.p.s.aop.LoggingAspect - Exited getAllProducts of ProductServiceImp
[http-nio-8080-exec-10] INFO  c.p.s.aop.LoggingAspect - Execution time of ProductController.getAllProduct :: 2 ms
[http-nio-8080-exec-10] INFO  c.p.s.aop.LoggingAspect - Exited getAllProduct of ProductController
[http-nio-8080-exec-2] INFO  c.p.s.aop.LoggingAspect - Entered getAllProduct of ProductController
[http-nio-8080-exec-2] INFO  c.p.s.aop.LoggingAspect - Entered getAllProducts of ProductServiceImp
[http-nio-8080-exec-2] INFO  c.p.s.aop.LoggingAspect - Execution time of ProductServiceImp.getAllProducts :: 1 ms
[http-nio-8080-exec-2] INFO  c.p.s.aop.LoggingAspect - Exited getAllProducts of ProductServiceImp
[http-nio-8080-exec-2] INFO  c.p.s.aop.LoggingAspect - Execution time of ProductController.getAllProduct :: 1 ms
[http-nio-8080-exec-2] INFO  c.p.s.aop.LoggingAspect - Exited getAllProduct of ProductController
[http-nio-8080-exec-3] INFO  c.p.s.aop.LoggingAspect - Entered getAllProduct of ProductController
[http-nio-8080-exec-3] INFO  c.p.s.aop.LoggingAspect - Entered getAllProducts of ProductServiceImp
[http-nio-8080-exec-3] INFO  c.p.s.aop.LoggingAspect - Execution time of ProductServiceImp.getAllProducts :: 1 ms
[http-nio-8080-exec-3] INFO  c.p.s.aop.LoggingAspect - Exited getAllProducts of ProductServiceImp
[http-nio-8080-exec-3] INFO  c.p.s.aop.LoggingAspect - Execution time of ProductController.getAllProduct :: 2 ms
[http-nio-8080-exec-3] INFO  c.p.s.aop.LoggingAspect - Exited getAllProduct of ProductController
[http-nio-8080-exec-4] INFO  c.p.s.aop.LoggingAspect - Entered getAllProduct of ProductController
[http-nio-8080-exec-4] INFO  c.p.s.aop.LoggingAspect - Entered getAllProducts of ProductServiceImp
[http-nio-8080-exec-4] INFO  c.p.s.aop.LoggingAspect - Execution time of ProductServiceImp.getAllProducts :: 1 ms
[http-nio-8080-exec-4] INFO  c.p.s.aop.LoggingAspect - Exited getAllProducts of ProductServiceImp
[http-nio-8080-exec-4] INFO  c.p.s.aop.LoggingAspect - Execution time of ProductController.getAllProduct :: 1 ms
[http-nio-8080-exec-4] INFO  c.p.s.aop.LoggingAspect - Exited getAllProduct of ProductController
[http-nio-8080-exec-1] INFO  c.p.s.aop.LoggingAspect - Entered getAllProduct of ProductController
[http-nio-8080-exec-1] INFO  c.p.s.aop.LoggingAspect - Entered getAllProducts of ProductServiceImp
[http-nio-8080-exec-1] INFO  c.p.s.aop.LoggingAspect - Execution time of ProductServiceImp.getAllProducts :: 3 ms
[http-nio-8080-exec-1] INFO  c.p.s.aop.LoggingAspect - Exited getAllProducts of ProductServiceImp
[http-nio-8080-exec-1] INFO  c.p.s.aop.LoggingAspect - Execution time of ProductController.getAllProduct :: 3 ms
[http-nio-8080-exec-1] INFO  c.p.s.aop.LoggingAspect - Exited getAllProduct of ProductController
[http-nio-8080-exec-6] INFO  c.p.s.aop.LoggingAspect - Entered getAllProduct of ProductController
[http-nio-8080-exec-6] INFO  c.p.s.aop.LoggingAspect - Entered getAllProducts of ProductServiceImp
[http-nio-8080-exec-6] INFO  c.p.s.aop.LoggingAspect - Execution time of ProductServiceImp.getAllProducts :: 3 ms
[http-nio-8080-exec-6] INFO  c.p.s.aop.LoggingAspect - Exited getAllProducts of ProductServiceImp
[http-nio-8080-exec-6] INFO  c.p.s.aop.LoggingAspect - Execution time of ProductController.getAllProduct :: 3 ms
[http-nio-8080-exec-6] INFO  c.p.s.aop.LoggingAspect - Exited getAllProduct of ProductController
[http-nio-8080-exec-7] INFO  c.p.s.aop.LoggingAspect - Entered getAllProduct of ProductController
[http-nio-8080-exec-7] INFO  c.p.s.aop.LoggingAspect - Entered getAllProducts of ProductServiceImp
[http-nio-8080-exec-7] INFO  c.p.s.aop.LoggingAspect - Execution time of ProductServiceImp.getAllProducts :: 1 ms
[http-nio-8080-exec-7] INFO  c.p.s.aop.LoggingAspect - Exited getAllProducts of ProductServiceImp
[http-nio-8080-exec-7] INFO  c.p.s.aop.LoggingAspect - Execution time of ProductController.getAllProduct :: 1 ms
[http-nio-8080-exec-7] INFO  c.p.s.aop.LoggingAspect - Exited getAllProduct of ProductController
[http-nio-8080-exec-8] INFO  c.p.s.aop.LoggingAspect - Entered getAllProduct of ProductController
[http-nio-8080-exec-8] INFO  c.p.s.aop.LoggingAspect - Entered getAllProducts of ProductServiceImp
[http-nio-8080-exec-8] INFO  c.p.s.aop.LoggingAspect - Execution time of ProductServiceImp.getAllProducts :: 2 ms
[http-nio-8080-exec-8] INFO  c.p.s.aop.LoggingAspect - Exited getAllProducts of ProductServiceImp
[http-nio-8080-exec-8] INFO  c.p.s.aop.LoggingAspect - Execution time of ProductController.getAllProduct :: 3 ms
[http-nio-8080-exec-8] INFO  c.p.s.aop.LoggingAspect - Exited getAllProduct of ProductController
[http-nio-8080-exec-10] INFO  c.p.s.aop.LoggingAspect - Entered getAllProduct of ProductController
[http-nio-8080-exec-10] INFO  c.p.s.aop.LoggingAspect - Entered getAllProducts of ProductServiceImp
[http-nio-8080-exec-10] INFO  c.p.s.aop.LoggingAspect - Execution time of ProductServiceImp.getAllProducts :: 3 ms
[http-nio-8080-exec-10] INFO  c.p.s.aop.LoggingAspect - Exited getAllProducts of ProductServiceImp
[http-nio-8080-exec-10] INFO  c.p.s.aop.LoggingAspect - Execution time of ProductController.getAllProduct :: 4 ms
[http-nio-8080-exec-10] INFO  c.p.s.aop.LoggingAspect - Exited getAllProduct of ProductController
[http-nio-8080-exec-2] INFO  c.p.s.aop.LoggingAspect - Entered getAllProduct of ProductController
[http-nio-8080-exec-2] INFO  c.p.s.aop.LoggingAspect - Entered getAllProducts of ProductServiceImp
[http-nio-8080-exec-2] INFO  c.p.s.aop.LoggingAspect - Execution time of ProductServiceImp.getAllProducts :: 3 ms
[http-nio-8080-exec-2] INFO  c.p.s.aop.LoggingAspect - Exited getAllProducts of ProductServiceImp
[http-nio-8080-exec-2] INFO  c.p.s.aop.LoggingAspect - Execution time of ProductController.getAllProduct :: 3 ms
[http-nio-8080-exec-2] INFO  c.p.s.aop.LoggingAspect - Exited getAllProduct of ProductController
[http-nio-8080-exec-3] INFO  c.p.s.aop.LoggingAspect - Entered getAllProduct of ProductController
[http-nio-8080-exec-3] INFO  c.p.s.aop.LoggingAspect - Entered getAllProducts of ProductServiceImp
[http-nio-8080-exec-3] INFO  c.p.s.aop.LoggingAspect - Execution time of ProductServiceImp.getAllProducts :: 1 ms
[http-nio-8080-exec-3] INFO  c.p.s.aop.LoggingAspect - Exited getAllProducts of ProductServiceImp
[http-nio-8080-exec-3] INFO  c.p.s.aop.LoggingAspect - Execution time of ProductController.getAllProduct :: 1 ms
[http-nio-8080-exec-3] INFO  c.p.s.aop.LoggingAspect - Exited getAllProduct of ProductController
[http-nio-8080-exec-4] INFO  c.p.s.aop.LoggingAspect - Entered getAllProduct of ProductController
[http-nio-8080-exec-4] INFO  c.p.s.aop.LoggingAspect - Entered getAllProducts of ProductServiceImp
[http-nio-8080-exec-4] INFO  c.p.s.aop.LoggingAspect - Execution time of ProductServiceImp.getAllProducts :: 2 ms
[http-nio-8080-exec-4] INFO  c.p.s.aop.LoggingAspect - Exited getAllProducts of ProductServiceImp
[http-nio-8080-exec-4] INFO  c.p.s.aop.LoggingAspect - Execution time of ProductController.getAllProduct :: 2 ms
[http-nio-8080-exec-4] INFO  c.p.s.aop.LoggingAspect - Exited getAllProduct of ProductController
[http-nio-8080-exec-5] INFO  c.p.s.aop.LoggingAspect - Entered getAllProduct of ProductController
[http-nio-8080-exec-5] INFO  c.p.s.aop.LoggingAspect - Entered getAllProducts of ProductServiceImp
[http-nio-8080-exec-5] INFO  c.p.s.aop.LoggingAspect - Execution time of ProductServiceImp.getAllProducts :: 2 ms
[http-nio-8080-exec-5] INFO  c.p.s.aop.LoggingAspect - Exited getAllProducts of ProductServiceImp
[http-nio-8080-exec-5] INFO  c.p.s.aop.LoggingAspect - Execution time of ProductController.getAllProduct :: 2 ms
[http-nio-8080-exec-5] INFO  c.p.s.aop.LoggingAspect - Exited getAllProduct of ProductController
[http-nio-8080-exec-6] INFO  c.p.s.aop.LoggingAspect - Entered getAllProduct of ProductController
[http-nio-8080-exec-6] INFO  c.p.s.aop.LoggingAspect - Entered getAllProducts of ProductServiceImp
[http-nio-8080-exec-6] INFO  c.p.s.aop.LoggingAspect - Execution time of ProductServiceImp.getAllProducts :: 1 ms
[http-nio-8080-exec-6] INFO  c.p.s.aop.LoggingAspect - Exited getAllProducts of ProductServiceImp
[http-nio-8080-exec-6] INFO  c.p.s.aop.LoggingAspect - Execution time of ProductController.getAllProduct :: 2 ms
[http-nio-8080-exec-6] INFO  c.p.s.aop.LoggingAspect - Exited getAllProduct of ProductController
[http-nio-8080-exec-7] INFO  c.p.s.aop.LoggingAspect - Entered getOneProduct of ProductController
[http-nio-8080-exec-7] INFO  c.p.s.aop.LoggingAspect - Entered getOneProduct of ProductServiceImp
[http-nio-8080-exec-7] INFO  c.p.s.aop.LoggingAspect - Entered findById of CrudRepository
[http-nio-8080-exec-7] INFO  c.p.s.aop.LoggingAspect - Execution time of CrudRepository.findById :: 3 ms
[http-nio-8080-exec-7] INFO  c.p.s.aop.LoggingAspect - Exited findById of CrudRepository
[http-nio-8080-exec-7] INFO  c.p.s.aop.LoggingAspect - Execution time of ProductServiceImp.getOneProduct :: 6 ms
[http-nio-8080-exec-7] INFO  c.p.s.aop.LoggingAspect - Exited getOneProduct of ProductServiceImp
[http-nio-8080-exec-7] INFO  c.p.s.aop.LoggingAspect - Execution time of ProductController.getOneProduct :: 6 ms
[http-nio-8080-exec-7] INFO  c.p.s.aop.LoggingAspect - Exited getOneProduct of ProductController
[background-preinit] INFO  o.h.validator.internal.util.Version - HV000001: Hibernate Validator 6.2.4.Final
[restartedMain] INFO  c.p.s.SpringBootWebJdbcDataLombokApplication - Starting SpringBootWebJdbcDataLombokApplication using Java 14.0.2 on DESKTOP-8GQOME2 with PID 13884 (C:\Users\Ben62\eclipse-workspace\spring-boot-web-jdbc-data-lombok.zip_expanded\spring-boot-web-jdbc-data-lombok\target\classes started by Ben62 in C:\Users\Ben62\eclipse-workspace\spring-boot-web-jdbc-data-lombok.zip_expanded\spring-boot-web-jdbc-data-lombok)
[restartedMain] INFO  c.p.s.SpringBootWebJdbcDataLombokApplication - No active profile set, falling back to 1 default profile: "default"
[restartedMain] INFO  o.s.b.d.e.DevToolsPropertyDefaultsPostProcessor - Devtools property defaults active! Set 'spring.devtools.add-properties' to 'false' to disable
[restartedMain] INFO  o.s.b.d.e.DevToolsPropertyDefaultsPostProcessor - For additional web related logging consider setting the 'logging.level.web' property to 'DEBUG'
[restartedMain] INFO  o.s.d.r.c.RepositoryConfigurationDelegate - Bootstrapping Spring Data JPA repositories in DEFAULT mode.
[restartedMain] INFO  o.s.d.r.c.RepositoryConfigurationDelegate - Finished Spring Data repository scanning in 45 ms. Found 6 JPA repository interfaces.
[restartedMain] INFO  o.s.b.w.e.tomcat.TomcatWebServer - Tomcat initialized with port(s): 8080 (http)
[restartedMain] INFO  o.a.coyote.http11.Http11NioProtocol - Initializing ProtocolHandler ["http-nio-8080"]
[restartedMain] INFO  o.a.catalina.core.StandardService - Starting service [Tomcat]
[restartedMain] INFO  o.a.catalina.core.StandardEngine - Starting Servlet engine: [Apache Tomcat/9.0.65]
[restartedMain] INFO  o.a.c.c.C.[Tomcat].[localhost].[/] - Initializing Spring embedded WebApplicationContext
[restartedMain] INFO  o.s.b.w.s.c.ServletWebServerApplicationContext - Root WebApplicationContext: initialization completed in 1293 ms
[restartedMain] INFO  o.h.jpa.internal.util.LogHelper - HHH000204: Processing PersistenceUnitInfo [name: default]
[restartedMain] INFO  org.hibernate.Version - HHH000412: Hibernate ORM core version 5.6.10.Final
[restartedMain] INFO  o.h.annotations.common.Version - HCANN000001: Hibernate Commons Annotations {5.1.2.Final}
[restartedMain] INFO  com.zaxxer.hikari.HikariDataSource - HikariPool-1 - Starting...
[restartedMain] INFO  com.zaxxer.hikari.HikariDataSource - HikariPool-1 - Start completed.
[restartedMain] INFO  org.hibernate.dialect.Dialect - HHH000400: Using dialect: org.hibernate.dialect.PostgreSQLDialect
[restartedMain] INFO  o.s.o.j.LocalContainerEntityManagerFactoryBean - Initialized JPA EntityManagerFactory for persistence unit 'default'
[restartedMain] WARN  o.s.b.a.o.j.JpaBaseConfiguration$JpaWebConfiguration - spring.jpa.open-in-view is enabled by default. Therefore, database queries may be performed during view rendering. Explicitly configure spring.jpa.open-in-view to disable this warning
[restartedMain] INFO  o.s.b.d.a.OptionalLiveReloadServer - LiveReload server is running on port 35729
[restartedMain] INFO  o.a.coyote.http11.Http11NioProtocol - Starting ProtocolHandler ["http-nio-8080"]
[restartedMain] INFO  o.s.b.w.e.tomcat.TomcatWebServer - Tomcat started on port(s): 8080 (http) with context path ''
[restartedMain] INFO  c.p.s.SpringBootWebJdbcDataLombokApplication - Started SpringBootWebJdbcDataLombokApplication in 3.575 seconds (JVM running for 3.925)
[http-nio-8080-exec-2] INFO  o.a.c.c.C.[Tomcat].[localhost].[/] - Initializing Spring DispatcherServlet 'dispatcherServlet'
[http-nio-8080-exec-2] INFO  o.s.web.servlet.DispatcherServlet - Initializing Servlet 'dispatcherServlet'
[http-nio-8080-exec-2] INFO  o.s.web.servlet.DispatcherServlet - Completed initialization in 1 ms
[http-nio-8080-exec-2] INFO  c.p.s.aop.LoggingAspect - Entered getAllProduct of ProductController
[http-nio-8080-exec-2] INFO  c.p.s.aop.LoggingAspect - Entered getAllProducts of ProductServiceImp
[http-nio-8080-exec-2] INFO  c.p.s.aop.LoggingAspect - Execution time of ProductServiceImp.getAllProducts :: 122 ms
[http-nio-8080-exec-2] INFO  c.p.s.aop.LoggingAspect - Exited getAllProducts of ProductServiceImp
[http-nio-8080-exec-2] INFO  c.p.s.aop.LoggingAspect - Execution time of ProductController.getAllProduct :: 130 ms
[http-nio-8080-exec-2] INFO  c.p.s.aop.LoggingAspect - Exited getAllProduct of ProductController
[http-nio-8080-exec-1] INFO  c.p.s.aop.LoggingAspect - Entered getOneProduct of ProductController
[http-nio-8080-exec-1] INFO  c.p.s.aop.LoggingAspect - Entered getOneProduct of ProductServiceImp
[http-nio-8080-exec-1] INFO  c.p.s.aop.LoggingAspect - Entered findById of CrudRepository
[http-nio-8080-exec-1] INFO  c.p.s.aop.LoggingAspect - Execution time of CrudRepository.findById :: 7 ms
[http-nio-8080-exec-1] INFO  c.p.s.aop.LoggingAspect - Exited findById of CrudRepository
[http-nio-8080-exec-1] INFO  c.p.s.aop.LoggingAspect - Execution time of ProductServiceImp.getOneProduct :: 9 ms
[http-nio-8080-exec-1] INFO  c.p.s.aop.LoggingAspect - Exited getOneProduct of ProductServiceImp
[http-nio-8080-exec-1] INFO  c.p.s.aop.LoggingAspect - Execution time of ProductController.getOneProduct :: 10 ms
[http-nio-8080-exec-1] INFO  c.p.s.aop.LoggingAspect - Exited getOneProduct of ProductController
[http-nio-8080-exec-4] INFO  c.p.s.aop.LoggingAspect - Entered updatePojo of ProductController
[http-nio-8080-exec-4] INFO  c.p.s.aop.LoggingAspect - Entered updateProduct of ProductServiceImp
[http-nio-8080-exec-4] INFO  c.p.s.aop.LoggingAspect - Entered save of CrudRepository
[http-nio-8080-exec-4] INFO  c.p.s.aop.LoggingAspect - Execution time of CrudRepository.save :: 25 ms
[http-nio-8080-exec-4] INFO  c.p.s.aop.LoggingAspect - Exited save of CrudRepository
[http-nio-8080-exec-4] INFO  c.p.s.aop.LoggingAspect - Execution time of ProductServiceImp.updateProduct :: 26 ms
[http-nio-8080-exec-4] INFO  c.p.s.aop.LoggingAspect - Exited updateProduct of ProductServiceImp
[http-nio-8080-exec-4] INFO  c.p.s.aop.LoggingAspect - Execution time of ProductController.updatePojo :: 27 ms
[http-nio-8080-exec-4] INFO  c.p.s.aop.LoggingAspect - Exited updatePojo of ProductController
[http-nio-8080-exec-5] INFO  c.p.s.aop.LoggingAspect - Entered getAllProduct of ProductController
[http-nio-8080-exec-5] INFO  c.p.s.aop.LoggingAspect - Entered getAllProducts of ProductServiceImp
[http-nio-8080-exec-5] INFO  c.p.s.aop.LoggingAspect - Execution time of ProductServiceImp.getAllProducts :: 2 ms
[http-nio-8080-exec-5] INFO  c.p.s.aop.LoggingAspect - Exited getAllProducts of ProductServiceImp
[http-nio-8080-exec-5] INFO  c.p.s.aop.LoggingAspect - Execution time of ProductController.getAllProduct :: 3 ms
[http-nio-8080-exec-5] INFO  c.p.s.aop.LoggingAspect - Exited getAllProduct of ProductController
[http-nio-8080-exec-8] INFO  c.p.s.aop.LoggingAspect - Entered getAllUsers of UserController
[http-nio-8080-exec-8] INFO  c.p.s.aop.LoggingAspect - Entered getAllUsers of UserServiceImp
[http-nio-8080-exec-8] INFO  c.p.s.aop.LoggingAspect - Execution time of UserServiceImp.getAllUsers :: 13 ms
[http-nio-8080-exec-8] INFO  c.p.s.aop.LoggingAspect - Exited getAllUsers of UserServiceImp
[http-nio-8080-exec-8] INFO  c.p.s.aop.LoggingAspect - Execution time of UserController.getAllUsers :: 17 ms
[http-nio-8080-exec-8] INFO  c.p.s.aop.LoggingAspect - Exited getAllUsers of UserController
[File Watcher] INFO  o.s.b.d.a.LocalDevToolsAutoConfiguration$RestartingClassPathChangeChangedEventListener - Restarting due to 1 class path change (0 additions, 0 deletions, 1 modification)
[Thread-5] INFO  o.a.coyote.http11.Http11NioProtocol - Pausing ProtocolHandler ["http-nio-8080"]
[Thread-5] INFO  o.a.catalina.core.StandardService - Stopping service [Tomcat]
[Thread-5] INFO  o.a.c.c.C.[Tomcat].[localhost].[/] - Destroying Spring FrameworkServlet 'dispatcherServlet'
[Thread-5] INFO  o.a.coyote.http11.Http11NioProtocol - Stopping ProtocolHandler ["http-nio-8080"]
[Thread-5] INFO  o.a.coyote.http11.Http11NioProtocol - Destroying ProtocolHandler ["http-nio-8080"]
[Thread-5] INFO  o.s.o.j.LocalContainerEntityManagerFactoryBean - Closing JPA EntityManagerFactory for persistence unit 'default'
[Thread-5] INFO  com.zaxxer.hikari.HikariDataSource - HikariPool-1 - Shutdown initiated...
[Thread-5] INFO  com.zaxxer.hikari.HikariDataSource - HikariPool-1 - Shutdown completed.
[restartedMain] INFO  c.p.s.SpringBootWebJdbcDataLombokApplication - Starting SpringBootWebJdbcDataLombokApplication using Java 14.0.2 on DESKTOP-8GQOME2 with PID 13884 (C:\Users\Ben62\eclipse-workspace\spring-boot-web-jdbc-data-lombok.zip_expanded\spring-boot-web-jdbc-data-lombok\target\classes started by Ben62 in C:\Users\Ben62\eclipse-workspace\spring-boot-web-jdbc-data-lombok.zip_expanded\spring-boot-web-jdbc-data-lombok)
[restartedMain] INFO  c.p.s.SpringBootWebJdbcDataLombokApplication - No active profile set, falling back to 1 default profile: "default"
[restartedMain] INFO  o.s.d.r.c.RepositoryConfigurationDelegate - Bootstrapping Spring Data JPA repositories in DEFAULT mode.
[restartedMain] INFO  o.s.d.r.c.RepositoryConfigurationDelegate - Finished Spring Data repository scanning in 24 ms. Found 6 JPA repository interfaces.
[restartedMain] INFO  o.s.b.w.e.tomcat.TomcatWebServer - Tomcat initialized with port(s): 8080 (http)
[restartedMain] INFO  o.a.coyote.http11.Http11NioProtocol - Initializing ProtocolHandler ["http-nio-8080"]
[restartedMain] INFO  o.a.catalina.core.StandardService - Starting service [Tomcat]
[restartedMain] INFO  o.a.catalina.core.StandardEngine - Starting Servlet engine: [Apache Tomcat/9.0.65]
[restartedMain] INFO  o.a.c.c.C.[Tomcat].[localhost].[/] - Initializing Spring embedded WebApplicationContext
[restartedMain] INFO  o.s.b.w.s.c.ServletWebServerApplicationContext - Root WebApplicationContext: initialization completed in 316 ms
[restartedMain] INFO  o.h.jpa.internal.util.LogHelper - HHH000204: Processing PersistenceUnitInfo [name: default]
[restartedMain] INFO  com.zaxxer.hikari.HikariDataSource - HikariPool-2 - Starting...
[restartedMain] INFO  com.zaxxer.hikari.HikariDataSource - HikariPool-2 - Start completed.
[restartedMain] INFO  org.hibernate.dialect.Dialect - HHH000400: Using dialect: org.hibernate.dialect.PostgreSQLDialect
[restartedMain] INFO  o.s.o.j.LocalContainerEntityManagerFactoryBean - Initialized JPA EntityManagerFactory for persistence unit 'default'
[restartedMain] WARN  o.s.b.a.o.j.JpaBaseConfiguration$JpaWebConfiguration - spring.jpa.open-in-view is enabled by default. Therefore, database queries may be performed during view rendering. Explicitly configure spring.jpa.open-in-view to disable this warning
[restartedMain] INFO  o.s.b.d.a.OptionalLiveReloadServer - LiveReload server is running on port 35729
[restartedMain] INFO  o.a.coyote.http11.Http11NioProtocol - Starting ProtocolHandler ["http-nio-8080"]
[restartedMain] INFO  o.s.b.w.e.tomcat.TomcatWebServer - Tomcat started on port(s): 8080 (http) with context path ''
[restartedMain] INFO  c.p.s.SpringBootWebJdbcDataLombokApplication - Started SpringBootWebJdbcDataLombokApplication in 0.965 seconds (JVM running for 1058.671)
[restartedMain] INFO  o.s.b.d.a.ConditionEvaluationDeltaLoggingListener - Condition evaluation unchanged
[http-nio-8080-exec-2] INFO  o.a.c.c.C.[Tomcat].[localhost].[/] - Initializing Spring DispatcherServlet 'dispatcherServlet'
[http-nio-8080-exec-2] INFO  o.s.web.servlet.DispatcherServlet - Initializing Servlet 'dispatcherServlet'
[http-nio-8080-exec-2] INFO  o.s.web.servlet.DispatcherServlet - Completed initialization in 2 ms
[http-nio-8080-exec-2] INFO  c.p.s.aop.LoggingAspect - Entered getOneUser of UserController
[http-nio-8080-exec-2] INFO  c.p.s.aop.LoggingAspect - Entered getOneUser of UserServiceImp
[http-nio-8080-exec-2] INFO  c.p.s.aop.LoggingAspect - Entered findByUserNameAndUserPassword of UserDao
[http-nio-8080-exec-2] INFO  c.p.s.aop.LoggingAspect - Execution time of UserDao.findByUserNameAndUserPassword :: 13 ms
[http-nio-8080-exec-2] INFO  c.p.s.aop.LoggingAspect - Exited findByUserNameAndUserPassword of UserDao
[http-nio-8080-exec-2] INFO  c.p.s.aop.LoggingAspect - Execution time of UserServiceImp.getOneUser :: 16 ms
[http-nio-8080-exec-2] INFO  c.p.s.aop.LoggingAspect - Exited getOneUser of UserServiceImp
[http-nio-8080-exec-2] INFO  c.p.s.aop.LoggingAspect - Execution time of UserController.getOneUser :: 19 ms
[http-nio-8080-exec-2] INFO  c.p.s.aop.LoggingAspect - Exited getOneUser of UserController
[http-nio-8080-exec-3] INFO  c.p.s.aop.LoggingAspect - Entered getOneUser of UserController
[http-nio-8080-exec-3] INFO  c.p.s.aop.LoggingAspect - Entered getOneUser of UserServiceImp
[http-nio-8080-exec-3] INFO  c.p.s.aop.LoggingAspect - Entered findByUserNameAndUserPassword of UserDao
[http-nio-8080-exec-3] INFO  c.p.s.aop.LoggingAspect - Execution time of UserDao.findByUserNameAndUserPassword :: 1 ms
[http-nio-8080-exec-3] INFO  c.p.s.aop.LoggingAspect - Exited findByUserNameAndUserPassword of UserDao
[http-nio-8080-exec-3] INFO  c.p.s.aop.LoggingAspect - Execution time of UserServiceImp.getOneUser :: 1 ms
[http-nio-8080-exec-3] INFO  c.p.s.aop.LoggingAspect - Exited getOneUser of UserServiceImp
[http-nio-8080-exec-3] INFO  c.p.s.aop.LoggingAspect - Execution time of UserController.getOneUser :: 2 ms
[http-nio-8080-exec-3] INFO  c.p.s.aop.LoggingAspect - Exited getOneUser of UserController
[http-nio-8080-exec-4] INFO  c.p.s.aop.LoggingAspect - Entered getOneUser of UserController
[http-nio-8080-exec-4] INFO  c.p.s.aop.LoggingAspect - Entered getOneUser of UserServiceImp
[http-nio-8080-exec-4] INFO  c.p.s.aop.LoggingAspect - Entered findByUserNameAndUserPassword of UserDao
[http-nio-8080-exec-4] INFO  c.p.s.aop.LoggingAspect - Execution time of UserDao.findByUserNameAndUserPassword :: 1 ms
[http-nio-8080-exec-4] INFO  c.p.s.aop.LoggingAspect - Exited findByUserNameAndUserPassword of UserDao
[http-nio-8080-exec-4] INFO  c.p.s.aop.LoggingAspect - Execution time of UserServiceImp.getOneUser :: 1 ms
[http-nio-8080-exec-4] INFO  c.p.s.aop.LoggingAspect - Exited getOneUser of UserServiceImp
[http-nio-8080-exec-4] INFO  c.p.s.aop.LoggingAspect - Execution time of UserController.getOneUser :: 1 ms
[http-nio-8080-exec-4] INFO  c.p.s.aop.LoggingAspect - Exited getOneUser of UserController
[File Watcher] INFO  o.s.b.d.a.LocalDevToolsAutoConfiguration$RestartingClassPathChangeChangedEventListener - Restarting due to 1 class path change (0 additions, 0 deletions, 1 modification)
[Thread-7] INFO  o.a.coyote.http11.Http11NioProtocol - Pausing ProtocolHandler ["http-nio-8080"]
[Thread-7] INFO  o.a.catalina.core.StandardService - Stopping service [Tomcat]
[Thread-7] INFO  o.a.c.c.C.[Tomcat].[localhost].[/] - Destroying Spring FrameworkServlet 'dispatcherServlet'
[Thread-7] INFO  o.a.coyote.http11.Http11NioProtocol - Stopping ProtocolHandler ["http-nio-8080"]
[Thread-7] INFO  o.a.coyote.http11.Http11NioProtocol - Destroying ProtocolHandler ["http-nio-8080"]
[Thread-7] INFO  o.s.o.j.LocalContainerEntityManagerFactoryBean - Closing JPA EntityManagerFactory for persistence unit 'default'
[Thread-7] INFO  com.zaxxer.hikari.HikariDataSource - HikariPool-2 - Shutdown initiated...
[Thread-7] INFO  com.zaxxer.hikari.HikariDataSource - HikariPool-2 - Shutdown completed.
[restartedMain] INFO  c.p.s.SpringBootWebJdbcDataLombokApplication - Starting SpringBootWebJdbcDataLombokApplication using Java 14.0.2 on DESKTOP-8GQOME2 with PID 13884 (C:\Users\Ben62\eclipse-workspace\spring-boot-web-jdbc-data-lombok.zip_expanded\spring-boot-web-jdbc-data-lombok\target\classes started by Ben62 in C:\Users\Ben62\eclipse-workspace\spring-boot-web-jdbc-data-lombok.zip_expanded\spring-boot-web-jdbc-data-lombok)
[restartedMain] INFO  c.p.s.SpringBootWebJdbcDataLombokApplication - No active profile set, falling back to 1 default profile: "default"
[restartedMain] INFO  o.s.d.r.c.RepositoryConfigurationDelegate - Bootstrapping Spring Data JPA repositories in DEFAULT mode.
[restartedMain] INFO  o.s.d.r.c.RepositoryConfigurationDelegate - Finished Spring Data repository scanning in 21 ms. Found 6 JPA repository interfaces.
[restartedMain] INFO  o.s.b.w.e.tomcat.TomcatWebServer - Tomcat initialized with port(s): 8080 (http)
[restartedMain] INFO  o.a.coyote.http11.Http11NioProtocol - Initializing ProtocolHandler ["http-nio-8080"]
[restartedMain] INFO  o.a.catalina.core.StandardService - Starting service [Tomcat]
[restartedMain] INFO  o.a.catalina.core.StandardEngine - Starting Servlet engine: [Apache Tomcat/9.0.65]
[restartedMain] INFO  o.a.c.c.C.[Tomcat].[localhost].[/] - Initializing Spring embedded WebApplicationContext
[restartedMain] INFO  o.s.b.w.s.c.ServletWebServerApplicationContext - Root WebApplicationContext: initialization completed in 266 ms
[restartedMain] INFO  o.h.jpa.internal.util.LogHelper - HHH000204: Processing PersistenceUnitInfo [name: default]
[restartedMain] INFO  com.zaxxer.hikari.HikariDataSource - HikariPool-3 - Starting...
[restartedMain] INFO  com.zaxxer.hikari.HikariDataSource - HikariPool-3 - Start completed.
[restartedMain] INFO  org.hibernate.dialect.Dialect - HHH000400: Using dialect: org.hibernate.dialect.PostgreSQLDialect
[restartedMain] INFO  o.s.o.j.LocalContainerEntityManagerFactoryBean - Initialized JPA EntityManagerFactory for persistence unit 'default'
[restartedMain] WARN  o.s.b.a.o.j.JpaBaseConfiguration$JpaWebConfiguration - spring.jpa.open-in-view is enabled by default. Therefore, database queries may be performed during view rendering. Explicitly configure spring.jpa.open-in-view to disable this warning
[restartedMain] INFO  o.s.b.d.a.OptionalLiveReloadServer - LiveReload server is running on port 35729
[restartedMain] INFO  o.a.coyote.http11.Http11NioProtocol - Starting ProtocolHandler ["http-nio-8080"]
[restartedMain] INFO  o.s.b.w.e.tomcat.TomcatWebServer - Tomcat started on port(s): 8080 (http) with context path ''
[restartedMain] INFO  c.p.s.SpringBootWebJdbcDataLombokApplication - Started SpringBootWebJdbcDataLombokApplication in 0.828 seconds (JVM running for 1194.964)
[restartedMain] INFO  o.s.b.d.a.ConditionEvaluationDeltaLoggingListener - Condition evaluation unchanged
[http-nio-8080-exec-2] INFO  o.a.c.c.C.[Tomcat].[localhost].[/] - Initializing Spring DispatcherServlet 'dispatcherServlet'
[http-nio-8080-exec-2] INFO  o.s.web.servlet.DispatcherServlet - Initializing Servlet 'dispatcherServlet'
[http-nio-8080-exec-2] INFO  o.s.web.servlet.DispatcherServlet - Completed initialization in 1 ms
[http-nio-8080-exec-2] INFO  c.p.s.aop.LoggingAspect - Entered getOneUser of UserController
[http-nio-8080-exec-2] INFO  c.p.s.aop.LoggingAspect - Entered getOneUser of UserServiceImp
[http-nio-8080-exec-2] INFO  c.p.s.aop.LoggingAspect - Entered findByUserNameAndUserPassword of UserDao
[http-nio-8080-exec-2] INFO  c.p.s.aop.LoggingAspect - Execution time of UserDao.findByUserNameAndUserPassword :: 6 ms
[http-nio-8080-exec-2] INFO  c.p.s.aop.LoggingAspect - Exited findByUserNameAndUserPassword of UserDao
[http-nio-8080-exec-2] INFO  c.p.s.aop.LoggingAspect - Execution time of UserServiceImp.getOneUser :: 8 ms
[http-nio-8080-exec-2] INFO  c.p.s.aop.LoggingAspect - Exited getOneUser of UserServiceImp
[http-nio-8080-exec-2] INFO  c.p.s.aop.LoggingAspect - Execution time of UserController.getOneUser :: 11 ms
[http-nio-8080-exec-2] INFO  c.p.s.aop.LoggingAspect - Exited getOneUser of UserController
[File Watcher] INFO  o.s.b.d.a.LocalDevToolsAutoConfiguration$RestartingClassPathChangeChangedEventListener - Restarting due to 1 class path change (0 additions, 0 deletions, 1 modification)
[Thread-11] INFO  o.a.coyote.http11.Http11NioProtocol - Pausing ProtocolHandler ["http-nio-8080"]
[Thread-11] INFO  o.a.catalina.core.StandardService - Stopping service [Tomcat]
[Thread-11] INFO  o.a.c.c.C.[Tomcat].[localhost].[/] - Destroying Spring FrameworkServlet 'dispatcherServlet'
[Thread-11] INFO  o.a.coyote.http11.Http11NioProtocol - Stopping ProtocolHandler ["http-nio-8080"]
[Thread-11] INFO  o.a.coyote.http11.Http11NioProtocol - Destroying ProtocolHandler ["http-nio-8080"]
[Thread-11] INFO  o.s.o.j.LocalContainerEntityManagerFactoryBean - Closing JPA EntityManagerFactory for persistence unit 'default'
[Thread-11] INFO  com.zaxxer.hikari.HikariDataSource - HikariPool-3 - Shutdown initiated...
[Thread-11] INFO  com.zaxxer.hikari.HikariDataSource - HikariPool-3 - Shutdown completed.
[restartedMain] INFO  c.p.s.SpringBootWebJdbcDataLombokApplication - Starting SpringBootWebJdbcDataLombokApplication using Java 14.0.2 on DESKTOP-8GQOME2 with PID 13884 (C:\Users\Ben62\eclipse-workspace\spring-boot-web-jdbc-data-lombok.zip_expanded\spring-boot-web-jdbc-data-lombok\target\classes started by Ben62 in C:\Users\Ben62\eclipse-workspace\spring-boot-web-jdbc-data-lombok.zip_expanded\spring-boot-web-jdbc-data-lombok)
[restartedMain] INFO  c.p.s.SpringBootWebJdbcDataLombokApplication - No active profile set, falling back to 1 default profile: "default"
[restartedMain] INFO  o.s.d.r.c.RepositoryConfigurationDelegate - Bootstrapping Spring Data JPA repositories in DEFAULT mode.
[restartedMain] INFO  o.s.d.r.c.RepositoryConfigurationDelegate - Finished Spring Data repository scanning in 24 ms. Found 6 JPA repository interfaces.
[restartedMain] INFO  o.s.b.w.e.tomcat.TomcatWebServer - Tomcat initialized with port(s): 8080 (http)
[restartedMain] INFO  o.a.coyote.http11.Http11NioProtocol - Initializing ProtocolHandler ["http-nio-8080"]
[restartedMain] INFO  o.a.catalina.core.StandardService - Starting service [Tomcat]
[restartedMain] INFO  o.a.catalina.core.StandardEngine - Starting Servlet engine: [Apache Tomcat/9.0.65]
[restartedMain] INFO  o.a.c.c.C.[Tomcat].[localhost].[/] - Initializing Spring embedded WebApplicationContext
[restartedMain] INFO  o.s.b.w.s.c.ServletWebServerApplicationContext - Root WebApplicationContext: initialization completed in 273 ms
[restartedMain] INFO  o.h.jpa.internal.util.LogHelper - HHH000204: Processing PersistenceUnitInfo [name: default]
[restartedMain] INFO  com.zaxxer.hikari.HikariDataSource - HikariPool-4 - Starting...
[restartedMain] INFO  com.zaxxer.hikari.HikariDataSource - HikariPool-4 - Start completed.
[restartedMain] INFO  org.hibernate.dialect.Dialect - HHH000400: Using dialect: org.hibernate.dialect.PostgreSQLDialect
[restartedMain] INFO  o.s.o.j.LocalContainerEntityManagerFactoryBean - Initialized JPA EntityManagerFactory for persistence unit 'default'
[restartedMain] WARN  o.s.b.a.o.j.JpaBaseConfiguration$JpaWebConfiguration - spring.jpa.open-in-view is enabled by default. Therefore, database queries may be performed during view rendering. Explicitly configure spring.jpa.open-in-view to disable this warning
[restartedMain] INFO  o.s.b.d.a.OptionalLiveReloadServer - LiveReload server is running on port 35729
[restartedMain] INFO  o.a.coyote.http11.Http11NioProtocol - Starting ProtocolHandler ["http-nio-8080"]
[restartedMain] INFO  o.s.b.w.e.tomcat.TomcatWebServer - Tomcat started on port(s): 8080 (http) with context path ''
[restartedMain] INFO  c.p.s.SpringBootWebJdbcDataLombokApplication - Started SpringBootWebJdbcDataLombokApplication in 0.9 seconds (JVM running for 1230.065)
[restartedMain] INFO  o.s.b.d.a.ConditionEvaluationDeltaLoggingListener - Condition evaluation unchanged
[http-nio-8080-exec-2] INFO  o.a.c.c.C.[Tomcat].[localhost].[/] - Initializing Spring DispatcherServlet 'dispatcherServlet'
[http-nio-8080-exec-2] INFO  o.s.web.servlet.DispatcherServlet - Initializing Servlet 'dispatcherServlet'
[http-nio-8080-exec-2] INFO  o.s.web.servlet.DispatcherServlet - Completed initialization in 0 ms
[http-nio-8080-exec-2] INFO  c.p.s.aop.LoggingAspect - Entered getOneUser of UserController
[http-nio-8080-exec-2] INFO  c.p.s.aop.LoggingAspect - Entered getOneUser of UserServiceImp
[http-nio-8080-exec-2] INFO  c.p.s.aop.LoggingAspect - Entered findByUserNameAndUserPassword of UserDao
[http-nio-8080-exec-2] INFO  c.p.s.aop.LoggingAspect - Execution time of UserDao.findByUserNameAndUserPassword :: 4 ms
[http-nio-8080-exec-2] INFO  c.p.s.aop.LoggingAspect - Exited findByUserNameAndUserPassword of UserDao
[http-nio-8080-exec-2] INFO  c.p.s.aop.LoggingAspect - Execution time of UserServiceImp.getOneUser :: 6 ms
[http-nio-8080-exec-2] INFO  c.p.s.aop.LoggingAspect - Exited getOneUser of UserServiceImp
[http-nio-8080-exec-2] INFO  c.p.s.aop.LoggingAspect - Execution time of UserController.getOneUser :: 8 ms
[http-nio-8080-exec-2] INFO  c.p.s.aop.LoggingAspect - Exited getOneUser of UserController
[http-nio-8080-exec-3] INFO  c.p.s.aop.LoggingAspect - Entered getOneUser of UserController
[http-nio-8080-exec-3] INFO  c.p.s.aop.LoggingAspect - Entered getOneUser of UserServiceImp
[http-nio-8080-exec-3] INFO  c.p.s.aop.LoggingAspect - Entered findByUserNameAndUserPassword of UserDao
[http-nio-8080-exec-3] INFO  c.p.s.aop.LoggingAspect - Execution time of UserDao.findByUserNameAndUserPassword :: 3 ms
[http-nio-8080-exec-3] INFO  c.p.s.aop.LoggingAspect - Exited findByUserNameAndUserPassword of UserDao
[http-nio-8080-exec-3] INFO  c.p.s.aop.LoggingAspect - Execution time of UserServiceImp.getOneUser :: 7 ms
[http-nio-8080-exec-3] INFO  c.p.s.aop.LoggingAspect - Exited getOneUser of UserServiceImp
[http-nio-8080-exec-3] INFO  c.p.s.aop.LoggingAspect - Execution time of UserController.getOneUser :: 8 ms
[http-nio-8080-exec-3] INFO  c.p.s.aop.LoggingAspect - Exited getOneUser of UserController
[File Watcher] INFO  o.s.b.d.a.LocalDevToolsAutoConfiguration$RestartingClassPathChangeChangedEventListener - Restarting due to 1 class path change (0 additions, 0 deletions, 1 modification)
[Thread-15] INFO  o.a.coyote.http11.Http11NioProtocol - Pausing ProtocolHandler ["http-nio-8080"]
[Thread-15] INFO  o.a.catalina.core.StandardService - Stopping service [Tomcat]
[Thread-15] INFO  o.a.c.c.C.[Tomcat].[localhost].[/] - Destroying Spring FrameworkServlet 'dispatcherServlet'
[Thread-15] INFO  o.a.coyote.http11.Http11NioProtocol - Stopping ProtocolHandler ["http-nio-8080"]
[Thread-15] INFO  o.a.coyote.http11.Http11NioProtocol - Destroying ProtocolHandler ["http-nio-8080"]
[Thread-15] INFO  o.s.o.j.LocalContainerEntityManagerFactoryBean - Closing JPA EntityManagerFactory for persistence unit 'default'
[Thread-15] INFO  com.zaxxer.hikari.HikariDataSource - HikariPool-4 - Shutdown initiated...
[Thread-15] INFO  com.zaxxer.hikari.HikariDataSource - HikariPool-4 - Shutdown completed.
[restartedMain] INFO  c.p.s.SpringBootWebJdbcDataLombokApplication - Starting SpringBootWebJdbcDataLombokApplication using Java 14.0.2 on DESKTOP-8GQOME2 with PID 13884 (C:\Users\Ben62\eclipse-workspace\spring-boot-web-jdbc-data-lombok.zip_expanded\spring-boot-web-jdbc-data-lombok\target\classes started by Ben62 in C:\Users\Ben62\eclipse-workspace\spring-boot-web-jdbc-data-lombok.zip_expanded\spring-boot-web-jdbc-data-lombok)
[restartedMain] INFO  c.p.s.SpringBootWebJdbcDataLombokApplication - No active profile set, falling back to 1 default profile: "default"
[restartedMain] INFO  o.s.d.r.c.RepositoryConfigurationDelegate - Bootstrapping Spring Data JPA repositories in DEFAULT mode.
[restartedMain] INFO  o.s.d.r.c.RepositoryConfigurationDelegate - Finished Spring Data repository scanning in 19 ms. Found 6 JPA repository interfaces.
[restartedMain] INFO  o.s.b.w.e.tomcat.TomcatWebServer - Tomcat initialized with port(s): 8080 (http)
[restartedMain] INFO  o.a.coyote.http11.Http11NioProtocol - Initializing ProtocolHandler ["http-nio-8080"]
[restartedMain] INFO  o.a.catalina.core.StandardService - Starting service [Tomcat]
[restartedMain] INFO  o.a.catalina.core.StandardEngine - Starting Servlet engine: [Apache Tomcat/9.0.65]
[restartedMain] INFO  o.a.c.c.C.[Tomcat].[localhost].[/] - Initializing Spring embedded WebApplicationContext
[restartedMain] INFO  o.s.b.w.s.c.ServletWebServerApplicationContext - Root WebApplicationContext: initialization completed in 212 ms
[restartedMain] INFO  o.h.jpa.internal.util.LogHelper - HHH000204: Processing PersistenceUnitInfo [name: default]
[restartedMain] INFO  com.zaxxer.hikari.HikariDataSource - HikariPool-5 - Starting...
[restartedMain] INFO  com.zaxxer.hikari.HikariDataSource - HikariPool-5 - Start completed.
[restartedMain] INFO  org.hibernate.dialect.Dialect - HHH000400: Using dialect: org.hibernate.dialect.PostgreSQLDialect
[restartedMain] INFO  o.s.o.j.LocalContainerEntityManagerFactoryBean - Initialized JPA EntityManagerFactory for persistence unit 'default'
[restartedMain] WARN  o.s.b.a.o.j.JpaBaseConfiguration$JpaWebConfiguration - spring.jpa.open-in-view is enabled by default. Therefore, database queries may be performed during view rendering. Explicitly configure spring.jpa.open-in-view to disable this warning
[restartedMain] INFO  o.s.b.d.a.OptionalLiveReloadServer - LiveReload server is running on port 35729
[restartedMain] INFO  o.a.coyote.http11.Http11NioProtocol - Starting ProtocolHandler ["http-nio-8080"]
[restartedMain] INFO  o.s.b.w.e.tomcat.TomcatWebServer - Tomcat started on port(s): 8080 (http) with context path ''
[restartedMain] INFO  c.p.s.SpringBootWebJdbcDataLombokApplication - Started SpringBootWebJdbcDataLombokApplication in 0.642 seconds (JVM running for 1323.165)
[restartedMain] INFO  o.s.b.d.a.ConditionEvaluationDeltaLoggingListener - Condition evaluation unchanged
[http-nio-8080-exec-1] INFO  o.a.c.c.C.[Tomcat].[localhost].[/] - Initializing Spring DispatcherServlet 'dispatcherServlet'
[http-nio-8080-exec-1] INFO  o.s.web.servlet.DispatcherServlet - Initializing Servlet 'dispatcherServlet'
[http-nio-8080-exec-1] INFO  o.s.web.servlet.DispatcherServlet - Completed initialization in 1 ms
[http-nio-8080-exec-1] INFO  c.p.s.aop.LoggingAspect - Entered getAllProduct of ProductController
[http-nio-8080-exec-1] INFO  c.p.s.aop.LoggingAspect - Entered getAllProducts of ProductServiceImp
[http-nio-8080-exec-1] INFO  c.p.s.aop.LoggingAspect - Execution time of ProductServiceImp.getAllProducts :: 17 ms
[http-nio-8080-exec-1] INFO  c.p.s.aop.LoggingAspect - Exited getAllProducts of ProductServiceImp
[http-nio-8080-exec-1] INFO  c.p.s.aop.LoggingAspect - Execution time of ProductController.getAllProduct :: 20 ms
[http-nio-8080-exec-1] INFO  c.p.s.aop.LoggingAspect - Exited getAllProduct of ProductController
[http-nio-8080-exec-3] INFO  c.p.s.aop.LoggingAspect - Entered getAllUsers of UserController
[http-nio-8080-exec-3] INFO  c.p.s.aop.LoggingAspect - Entered getAllUsers of UserServiceImp
[http-nio-8080-exec-3] INFO  c.p.s.aop.LoggingAspect - Execution time of UserServiceImp.getAllUsers :: 9 ms
[http-nio-8080-exec-3] INFO  c.p.s.aop.LoggingAspect - Exited getAllUsers of UserServiceImp
[http-nio-8080-exec-3] INFO  c.p.s.aop.LoggingAspect - Execution time of UserController.getAllUsers :: 12 ms
[http-nio-8080-exec-3] INFO  c.p.s.aop.LoggingAspect - Exited getAllUsers of UserController
[http-nio-8080-exec-5] INFO  c.p.s.aop.LoggingAspect - Entered getAllUsers of UserController
[http-nio-8080-exec-5] INFO  c.p.s.aop.LoggingAspect - Entered getAllUsers of UserServiceImp
[http-nio-8080-exec-5] INFO  c.p.s.aop.LoggingAspect - Execution time of UserServiceImp.getAllUsers :: 2 ms
[http-nio-8080-exec-5] INFO  c.p.s.aop.LoggingAspect - Exited getAllUsers of UserServiceImp
[http-nio-8080-exec-5] INFO  c.p.s.aop.LoggingAspect - Execution time of UserController.getAllUsers :: 2 ms
[http-nio-8080-exec-5] INFO  c.p.s.aop.LoggingAspect - Exited getAllUsers of UserController
[http-nio-8080-exec-7] INFO  c.p.s.aop.LoggingAspect - Entered getAllUsers of UserController
[http-nio-8080-exec-7] INFO  c.p.s.aop.LoggingAspect - Entered getAllUsers of UserServiceImp
[http-nio-8080-exec-7] INFO  c.p.s.aop.LoggingAspect - Execution time of UserServiceImp.getAllUsers :: 2 ms
[http-nio-8080-exec-7] INFO  c.p.s.aop.LoggingAspect - Exited getAllUsers of UserServiceImp
[http-nio-8080-exec-7] INFO  c.p.s.aop.LoggingAspect - Execution time of UserController.getAllUsers :: 2 ms
[http-nio-8080-exec-7] INFO  c.p.s.aop.LoggingAspect - Exited getAllUsers of UserController
[http-nio-8080-exec-8] INFO  c.p.s.aop.LoggingAspect - Entered getAllUsers of UserController
[http-nio-8080-exec-8] INFO  c.p.s.aop.LoggingAspect - Entered getAllUsers of UserServiceImp
[http-nio-8080-exec-8] INFO  c.p.s.aop.LoggingAspect - Execution time of UserServiceImp.getAllUsers :: 2 ms
[http-nio-8080-exec-8] INFO  c.p.s.aop.LoggingAspect - Exited getAllUsers of UserServiceImp
[http-nio-8080-exec-8] INFO  c.p.s.aop.LoggingAspect - Execution time of UserController.getAllUsers :: 2 ms
[http-nio-8080-exec-8] INFO  c.p.s.aop.LoggingAspect - Exited getAllUsers of UserController
[http-nio-8080-exec-9] INFO  c.p.s.aop.LoggingAspect - Entered getAllProduct of ProductController
[http-nio-8080-exec-9] INFO  c.p.s.aop.LoggingAspect - Entered getAllProducts of ProductServiceImp
[http-nio-8080-exec-9] INFO  c.p.s.aop.LoggingAspect - Execution time of ProductServiceImp.getAllProducts :: 2 ms
[http-nio-8080-exec-9] INFO  c.p.s.aop.LoggingAspect - Exited getAllProducts of ProductServiceImp
[http-nio-8080-exec-9] INFO  c.p.s.aop.LoggingAspect - Execution time of ProductController.getAllProduct :: 2 ms
[http-nio-8080-exec-9] INFO  c.p.s.aop.LoggingAspect - Exited getAllProduct of ProductController
[http-nio-8080-exec-10] INFO  c.p.s.aop.LoggingAspect - Entered getAllUsers of UserController
[http-nio-8080-exec-10] INFO  c.p.s.aop.LoggingAspect - Entered getAllUsers of UserServiceImp
[http-nio-8080-exec-10] INFO  c.p.s.aop.LoggingAspect - Execution time of UserServiceImp.getAllUsers :: 2 ms
[http-nio-8080-exec-10] INFO  c.p.s.aop.LoggingAspect - Exited getAllUsers of UserServiceImp
[http-nio-8080-exec-10] INFO  c.p.s.aop.LoggingAspect - Execution time of UserController.getAllUsers :: 2 ms
[http-nio-8080-exec-10] INFO  c.p.s.aop.LoggingAspect - Exited getAllUsers of UserController
[File Watcher] INFO  o.s.b.d.a.LocalDevToolsAutoConfiguration$RestartingClassPathChangeChangedEventListener - Restarting due to 1 class path change (0 additions, 0 deletions, 1 modification)
[Thread-19] INFO  o.a.coyote.http11.Http11NioProtocol - Pausing ProtocolHandler ["http-nio-8080"]
[Thread-19] INFO  o.a.catalina.core.StandardService - Stopping service [Tomcat]
[Thread-19] INFO  o.a.c.c.C.[Tomcat].[localhost].[/] - Destroying Spring FrameworkServlet 'dispatcherServlet'
[Thread-19] INFO  o.a.coyote.http11.Http11NioProtocol - Stopping ProtocolHandler ["http-nio-8080"]
[Thread-19] INFO  o.a.coyote.http11.Http11NioProtocol - Destroying ProtocolHandler ["http-nio-8080"]
[Thread-19] INFO  o.s.o.j.LocalContainerEntityManagerFactoryBean - Closing JPA EntityManagerFactory for persistence unit 'default'
[Thread-19] INFO  com.zaxxer.hikari.HikariDataSource - HikariPool-5 - Shutdown initiated...
[Thread-19] INFO  com.zaxxer.hikari.HikariDataSource - HikariPool-5 - Shutdown completed.
[restartedMain] INFO  c.p.s.SpringBootWebJdbcDataLombokApplication - Starting SpringBootWebJdbcDataLombokApplication using Java 14.0.2 on DESKTOP-8GQOME2 with PID 13884 (C:\Users\Ben62\eclipse-workspace\spring-boot-web-jdbc-data-lombok.zip_expanded\spring-boot-web-jdbc-data-lombok\target\classes started by Ben62 in C:\Users\Ben62\eclipse-workspace\spring-boot-web-jdbc-data-lombok.zip_expanded\spring-boot-web-jdbc-data-lombok)
[restartedMain] INFO  c.p.s.SpringBootWebJdbcDataLombokApplication - No active profile set, falling back to 1 default profile: "default"
[restartedMain] INFO  o.s.d.r.c.RepositoryConfigurationDelegate - Bootstrapping Spring Data JPA repositories in DEFAULT mode.
[restartedMain] INFO  o.s.d.r.c.RepositoryConfigurationDelegate - Finished Spring Data repository scanning in 19 ms. Found 6 JPA repository interfaces.
[restartedMain] INFO  o.s.b.w.e.tomcat.TomcatWebServer - Tomcat initialized with port(s): 8080 (http)
[restartedMain] INFO  o.a.coyote.http11.Http11NioProtocol - Initializing ProtocolHandler ["http-nio-8080"]
[restartedMain] INFO  o.a.catalina.core.StandardService - Starting service [Tomcat]
[restartedMain] INFO  o.a.catalina.core.StandardEngine - Starting Servlet engine: [Apache Tomcat/9.0.65]
[restartedMain] INFO  o.a.c.c.C.[Tomcat].[localhost].[/] - Initializing Spring embedded WebApplicationContext
[restartedMain] INFO  o.s.b.w.s.c.ServletWebServerApplicationContext - Root WebApplicationContext: initialization completed in 193 ms
[restartedMain] INFO  o.h.jpa.internal.util.LogHelper - HHH000204: Processing PersistenceUnitInfo [name: default]
[restartedMain] INFO  com.zaxxer.hikari.HikariDataSource - HikariPool-6 - Starting...
[restartedMain] INFO  com.zaxxer.hikari.HikariDataSource - HikariPool-6 - Start completed.
[restartedMain] INFO  org.hibernate.dialect.Dialect - HHH000400: Using dialect: org.hibernate.dialect.PostgreSQLDialect
[restartedMain] INFO  o.s.o.j.LocalContainerEntityManagerFactoryBean - Initialized JPA EntityManagerFactory for persistence unit 'default'
[restartedMain] WARN  o.s.b.a.o.j.JpaBaseConfiguration$JpaWebConfiguration - spring.jpa.open-in-view is enabled by default. Therefore, database queries may be performed during view rendering. Explicitly configure spring.jpa.open-in-view to disable this warning
[restartedMain] INFO  o.s.b.d.a.OptionalLiveReloadServer - LiveReload server is running on port 35729
[restartedMain] INFO  o.a.coyote.http11.Http11NioProtocol - Starting ProtocolHandler ["http-nio-8080"]
[restartedMain] INFO  o.s.b.w.e.tomcat.TomcatWebServer - Tomcat started on port(s): 8080 (http) with context path ''
[restartedMain] INFO  c.p.s.SpringBootWebJdbcDataLombokApplication - Started SpringBootWebJdbcDataLombokApplication in 0.594 seconds (JVM running for 3019.771)
[restartedMain] INFO  o.s.b.d.a.ConditionEvaluationDeltaLoggingListener - Condition evaluation unchanged
[http-nio-8080-exec-1] INFO  o.a.c.c.C.[Tomcat].[localhost].[/] - Initializing Spring DispatcherServlet 'dispatcherServlet'
[http-nio-8080-exec-1] INFO  o.s.web.servlet.DispatcherServlet - Initializing Servlet 'dispatcherServlet'
[http-nio-8080-exec-1] INFO  o.s.web.servlet.DispatcherServlet - Completed initialization in 0 ms
[http-nio-8080-exec-1] INFO  c.p.s.aop.LoggingAspect - Entered getAllUsers of UserController
[http-nio-8080-exec-1] INFO  c.p.s.aop.LoggingAspect - Entered getAllUsers of UserServiceImp
[http-nio-8080-exec-1] INFO  c.p.s.aop.LoggingAspect - Execution time of UserServiceImp.getAllUsers :: 9 ms
[http-nio-8080-exec-1] INFO  c.p.s.aop.LoggingAspect - Exited getAllUsers of UserServiceImp
[http-nio-8080-exec-1] INFO  c.p.s.aop.LoggingAspect - Execution time of UserController.getAllUsers :: 11 ms
[http-nio-8080-exec-1] INFO  c.p.s.aop.LoggingAspect - Exited getAllUsers of UserController
[http-nio-8080-exec-3] INFO  c.p.s.aop.LoggingAspect - Entered getAllUsers of UserController
[http-nio-8080-exec-3] INFO  c.p.s.aop.LoggingAspect - Entered getAllUsers of UserServiceImp
[http-nio-8080-exec-3] INFO  c.p.s.aop.LoggingAspect - Execution time of UserServiceImp.getAllUsers :: 1 ms
[http-nio-8080-exec-3] INFO  c.p.s.aop.LoggingAspect - Exited getAllUsers of UserServiceImp
[http-nio-8080-exec-3] INFO  c.p.s.aop.LoggingAspect - Execution time of UserController.getAllUsers :: 1 ms
[http-nio-8080-exec-3] INFO  c.p.s.aop.LoggingAspect - Exited getAllUsers of UserController
[http-nio-8080-exec-4] INFO  c.p.s.aop.LoggingAspect - Entered getAllUsers of UserController
[http-nio-8080-exec-4] INFO  c.p.s.aop.LoggingAspect - Entered getAllUsers of UserServiceImp
[http-nio-8080-exec-4] INFO  c.p.s.aop.LoggingAspect - Execution time of UserServiceImp.getAllUsers :: 2 ms
[http-nio-8080-exec-4] INFO  c.p.s.aop.LoggingAspect - Exited getAllUsers of UserServiceImp
[http-nio-8080-exec-4] INFO  c.p.s.aop.LoggingAspect - Execution time of UserController.getAllUsers :: 2 ms
[http-nio-8080-exec-4] INFO  c.p.s.aop.LoggingAspect - Exited getAllUsers of UserController
